BEGIN;
BEGIN
EXPLAIN (ANALYZE, BUFFERS)
select
	sum(l_extendedprice) / 7.0 as avg_yearly
from
	lineitem,
	part
where
	p_partkey = l_partkey
	and p_brand = 'Brand#53'
	and p_container = 'WRAP CASE'
	and l_quantity < (
		select
			0.2 * avg(l_quantity)
		from
			lineitem
		where
			l_partkey = p_partkey
	);
                                                                                               QUERY PLAN                                                                                               
--------------------------------------------------------------------------------------------------------------------------------------------------------------------------------------------------------
 Aggregate  (cost=361574.37..361574.38 rows=1 width=4) (actual time=857.812..857.812 rows=1 loops=1)
   Buffers: shared hit=60865 read=25972 dirtied=322 written=849
   ->  Nested Loop  (cost=130.19..361522.94 rows=20569 width=4) (actual time=0.926..856.625 rows=5622 loops=1)
         Buffers: shared hit=60865 read=25972 dirtied=322 written=849
         ->  Index Only Scan using part_p_container_p_brand_p_partkey_idx on part  (cost=0.43..8034.60 rows=2035 width=4) (actual time=0.187..38.116 rows=2046 loops=1)
               Index Cond: ((p_container = 'WRAP CASE'::bpchar) AND (p_brand = 'Brand#53'::bpchar))
               Heap Fetches: 2046
               Buffers: shared hit=256 read=1766 written=43
         ->  Index Scan using lineitem_l_partkey_l_quantity_l_shipmode_idx on lineitem  (cost=129.76..173.60 rows=10 width=12) (actual time=0.006..0.008 rows=3 loops=2046)
               Index Cond: ((l_partkey = part.p_partkey) AND (l_quantity < (SubPlan 1)))
               Buffers: shared hit=13850
               SubPlan 1
                 ->  Aggregate  (cost=129.19..129.20 rows=1 width=4) (actual time=0.388..0.388 rows=1 loops=2046)
                       Buffers: shared hit=46759 read=24206 dirtied=322 written=806
                       ->  Index Only Scan using lineitem_l_partkey_l_quantity_l_shipmode_idx on lineitem lineitem_1  (cost=0.56..129.11 rows=31 width=4) (actual time=0.040..0.378 rows=30 loops=2046)
                             Index Cond: (l_partkey = part.p_partkey)
                             Heap Fetches: 62477
                             Buffers: shared hit=46759 read=24206 dirtied=322 written=806
               SubPlan 1
                 ->  Aggregate  (cost=129.19..129.20 rows=1 width=4) (actual time=0.388..0.388 rows=1 loops=2046)
                       Buffers: shared hit=46759 read=24206 dirtied=322 written=806
                       ->  Index Only Scan using lineitem_l_partkey_l_quantity_l_shipmode_idx on lineitem lineitem_1  (cost=0.56..129.11 rows=31 width=4) (actual time=0.040..0.378 rows=30 loops=2046)
                             Index Cond: (l_partkey = part.p_partkey)
                             Heap Fetches: 62477
                             Buffers: shared hit=46759 read=24206 dirtied=322 written=806
 Planning time: 3.389 ms
 Execution time: 858.061 ms
(27 rows)

COMMIT;
COMMIT
