BEGIN;
BEGIN
EXPLAIN (ANALYZE, BUFFERS)
select
	sum(l_extendedprice) / 7.0 as avg_yearly
from
	lineitem,
	part
where
	p_partkey = l_partkey
	and p_brand = 'Brand#52'
	and p_container = 'JUMBO CASE'
	and l_quantity < (
		select
			0.2 * avg(l_quantity)
		from
			lineitem
		where
			l_partkey = p_partkey
	);
                                                                                               QUERY PLAN                                                                                               
--------------------------------------------------------------------------------------------------------------------------------------------------------------------------------------------------------
 Aggregate  (cost=345083.79..345083.80 rows=1 width=4) (actual time=744.832..744.832 rows=1 loops=1)
   Buffers: shared hit=57661 read=26961 dirtied=181 written=4
   ->  Nested Loop  (cost=130.19..345034.86 rows=19570 width=4) (actual time=0.805..743.811 rows=5236 loops=1)
         Buffers: shared hit=57661 read=26961 dirtied=181 written=4
         ->  Index Only Scan using part_p_container_p_brand_p_partkey_idx on part  (cost=0.43..7672.85 rows=1942 width=4) (actual time=0.143..35.182 rows=2013 loops=1)
               Index Cond: ((p_container = 'JUMBO CASE'::bpchar) AND (p_brand = 'Brand#52'::bpchar))
               Heap Fetches: 2013
               Buffers: shared read=1981
         ->  Index Scan using lineitem_l_partkey_l_quantity_l_shipmode_idx on lineitem  (cost=129.76..173.62 rows=10 width=12) (actual time=0.005..0.007 rows=3 loops=2013)
               Index Cond: ((l_partkey = part.p_partkey) AND (l_quantity < (SubPlan 1)))
               Buffers: shared hit=13332
               SubPlan 1
                 ->  Aggregate  (cost=129.19..129.20 rows=1 width=4) (actual time=0.342..0.342 rows=1 loops=2013)
                       Buffers: shared hit=44329 read=24980 dirtied=181 written=4
                       ->  Index Only Scan using lineitem_l_partkey_l_quantity_l_shipmode_idx on lineitem lineitem_1  (cost=0.56..129.11 rows=31 width=4) (actual time=0.038..0.334 rows=30 loops=2013)
                             Index Cond: (l_partkey = part.p_partkey)
                             Heap Fetches: 60940
                             Buffers: shared hit=44329 read=24980 dirtied=181 written=4
               SubPlan 1
                 ->  Aggregate  (cost=129.19..129.20 rows=1 width=4) (actual time=0.342..0.342 rows=1 loops=2013)
                       Buffers: shared hit=44329 read=24980 dirtied=181 written=4
                       ->  Index Only Scan using lineitem_l_partkey_l_quantity_l_shipmode_idx on lineitem lineitem_1  (cost=0.56..129.11 rows=31 width=4) (actual time=0.038..0.334 rows=30 loops=2013)
                             Index Cond: (l_partkey = part.p_partkey)
                             Heap Fetches: 60940
                             Buffers: shared hit=44329 read=24980 dirtied=181 written=4
 Planning time: 3.306 ms
 Execution time: 745.062 ms
(27 rows)

COMMIT;
COMMIT
