BEGIN;
BEGIN
EXPLAIN (ANALYZE, BUFFERS)
select
	s_name,
	count(*) as numwait
from
	supplier,
	lineitem l1,
	orders,
	nation
where
	s_suppkey = l1.l_suppkey
	and o_orderkey = l1.l_orderkey
	and o_orderstatus = 'F'
	and l1.l_receiptdate > l1.l_commitdate
	and exists (
		select
			*
		from
			lineitem l2
		where
			l2.l_orderkey = l1.l_orderkey
			and l2.l_suppkey <> l1.l_suppkey
	)
	and not exists (
		select
			*
		from
			lineitem l3
		where
			l3.l_orderkey = l1.l_orderkey
			and l3.l_suppkey <> l1.l_suppkey
			and l3.l_receiptdate > l3.l_commitdate
	)
	and s_nationkey = n_nationkey
	and n_name = 'BRAZIL'
group by
	s_name
order by
	numwait desc,
	s_name
LIMIT 100;
                                                                                                 QUERY PLAN                                                                                                 
------------------------------------------------------------------------------------------------------------------------------------------------------------------------------------------------------------
 Limit  (cost=1955463.57..1955463.58 rows=1 width=26) (actual time=46917.749..46917.768 rows=100 loops=1)
   Buffers: shared hit=14167528 read=371240 dirtied=417 written=2115
   ->  Sort  (cost=1955463.57..1955463.58 rows=1 width=26) (actual time=46917.746..46917.755 rows=100 loops=1)
         Sort Key: (count(*)), supplier.s_name
         Sort Method: top-N heapsort  Memory: 32kB
         Buffers: shared hit=14167528 read=371240 dirtied=417 written=2115
         ->  HashAggregate  (cost=1955463.55..1955463.56 rows=1 width=26) (actual time=46914.482..46916.531 rows=3995 loops=1)
               Group Key: supplier.s_name
               Buffers: shared hit=14167520 read=371240 dirtied=417 written=2115
               ->  Nested Loop Anti Join  (cost=2443.74..1955463.55 rows=1 width=26) (actual time=17.281..46821.854 rows=39582 loops=1)
                     Buffers: shared hit=14167520 read=371240 dirtied=417 written=2115
                     ->  Nested Loop Semi Join  (cost=2443.17..1955462.24 rows=1 width=34) (actual time=17.197..43612.301 rows=704946 loops=1)
                           Join Filter: (orders.o_orderkey = l2.l_orderkey)
                           Buffers: shared hit=10635244 read=370628 dirtied=417 written=2111
                           ->  Nested Loop  (cost=2442.61..1433890.99 rows=390371 width=38) (actual time=17.174..38094.900 rows=731671 loops=1)
                                 Buffers: shared hit=7044870 read=296733 dirtied=416 written=1778
                                 ->  Hash Join  (cost=2442.17..1012019.06 rows=801413 width=34) (actual time=16.988..28476.781 rows=1516367 loops=1)
                                       Hash Cond: (l1.l_suppkey = supplier.s_suppkey)
                                       Buffers: shared hit=1005326 read=262480 dirtied=282 written=1498
                                       ->  Index Scan using lineitem_l_orderkey_idx_part1 on lineitem l1  (cost=0.56..926430.84 rows=20035330 width=8) (actual time=0.065..18319.652 rows=37966905 loops=1)
                                             Buffers: shared hit=1003473 read=262468 dirtied=282 written=1498
                                       ->  Hash  (cost=2391.61..2391.61 rows=4000 width=30) (actual time=16.868..16.868 rows=3995 loops=1)
                                             Buckets: 4096  Batches: 1  Memory Usage: 282kB
                                             Buffers: shared hit=1850 read=12
                                             ->  Nested Loop  (cost=79.29..2391.61 rows=4000 width=30) (actual time=1.306..15.705 rows=3995 loops=1)
                                                   Buffers: shared hit=1850 read=12
                                                   ->  Seq Scan on nation  (cost=0.00..1.31 rows=1 width=4) (actual time=0.011..0.023 rows=1 loops=1)
                                                         Filter: (n_name = 'BRAZIL'::bpchar)
                                                         Rows Removed by Filter: 24
                                                         Buffers: shared hit=1
                                                   ->  Bitmap Heap Scan on supplier  (cost=79.29..2350.29 rows=4000 width=34) (actual time=1.289..14.909 rows=3995 loops=1)
                                                         Recheck Cond: (s_nationkey = nation.n_nationkey)
                                                         Heap Blocks: exact=1848
                                                         Buffers: shared hit=1849 read=12
                                                         ->  Bitmap Index Scan on supplier_s_nationkey_s_suppkey_idx  (cost=0.00..78.29 rows=4000 width=0) (actual time=0.991..0.991 rows=3995 loops=1)
                                                               Index Cond: (s_nationkey = nation.n_nationkey)
                                                               Buffers: shared hit=1 read=12
                                 ->  Index Scan using orders_o_orderkey_o_orderdate_idx on orders  (cost=0.43..0.52 rows=1 width=4) (actual time=0.005..0.006 rows=0 loops=1516367)
                                       Index Cond: (o_orderkey = l1.l_orderkey)
                                       Filter: (o_orderstatus = 'F'::bpchar)
                                       Rows Removed by Filter: 1
                                       Buffers: shared hit=6039544 read=34253 dirtied=134 written=280
                           ->  Index Scan using lineitem_l_orderkey_idx on lineitem l2  (cost=0.56..1.15 rows=15 width=8) (actual time=0.007..0.007 rows=1 loops=731671)
                                 Index Cond: (l_orderkey = l1.l_orderkey)
                                 Filter: (l_suppkey <> l1.l_suppkey)
                                 Rows Removed by Filter: 0
                                 Buffers: shared hit=3590374 read=73895 dirtied=1 written=333
                     ->  Index Scan using lineitem_l_orderkey_idx_part1 on lineitem l3  (cost=0.56..0.91 rows=5 width=8) (actual time=0.004..0.004 rows=1 loops=704946)
                           Index Cond: (l_orderkey = l1.l_orderkey)
                           Filter: (l_suppkey <> l1.l_suppkey)
                           Rows Removed by Filter: 0
                           Buffers: shared hit=3532276 read=612 written=4
 Planning time: 10.301 ms
 Execution time: 46918.218 ms
(54 rows)

COMMIT;
COMMIT
