BEGIN;
BEGIN
EXPLAIN (ANALYZE, BUFFERS)
select
	s_name,
	count(*) as numwait
from
	supplier,
	lineitem l1,
	orders,
	nation
where
	s_suppkey = l1.l_suppkey
	and o_orderkey = l1.l_orderkey
	and o_orderstatus = 'F'
	and l1.l_receiptdate > l1.l_commitdate
	and exists (
		select
			*
		from
			lineitem l2
		where
			l2.l_orderkey = l1.l_orderkey
			and l2.l_suppkey <> l1.l_suppkey
	)
	and not exists (
		select
			*
		from
			lineitem l3
		where
			l3.l_orderkey = l1.l_orderkey
			and l3.l_suppkey <> l1.l_suppkey
			and l3.l_receiptdate > l3.l_commitdate
	)
	and s_nationkey = n_nationkey
	and n_name = 'MOZAMBIQUE'
group by
	s_name
order by
	numwait desc,
	s_name
LIMIT 100;
                                                                                                 QUERY PLAN                                                                                                 
------------------------------------------------------------------------------------------------------------------------------------------------------------------------------------------------------------
 Limit  (cost=1962032.57..1962032.57 rows=1 width=26) (actual time=44643.813..44643.833 rows=100 loops=1)
   Buffers: shared hit=13557464 read=768557 dirtied=601 written=6538
   ->  Sort  (cost=1962032.57..1962032.57 rows=1 width=26) (actual time=44643.810..44643.819 rows=100 loops=1)
         Sort Key: (count(*)), supplier.s_name
         Sort Method: top-N heapsort  Memory: 32kB
         Buffers: shared hit=13557464 read=768557 dirtied=601 written=6538
         ->  HashAggregate  (cost=1962032.55..1962032.56 rows=1 width=26) (actual time=44641.578..44642.718 rows=3924 loops=1)
               Group Key: supplier.s_name
               Buffers: shared hit=13557456 read=768557 dirtied=601 written=6538
               ->  Nested Loop Anti Join  (cost=2443.74..1962032.54 rows=1 width=26) (actual time=13.846..44578.415 rows=38523 loops=1)
                     Buffers: shared hit=13557456 read=768557 dirtied=601 written=6538
                     ->  Nested Loop Semi Join  (cost=2443.17..1962031.24 rows=1 width=34) (actual time=13.798..41949.574 rows=692703 loops=1)
                           Join Filter: (orders.o_orderkey = l2.l_orderkey)
                           Buffers: shared hit=10087854 read=766519 dirtied=601 written=6528
                           ->  Nested Loop  (cost=2442.61..1438681.24 rows=391676 width=38) (actual time=13.774..36465.030 rows=718846 loops=1)
                                 Buffers: shared hit=6651306 read=602830 dirtied=601 written=5165
                                 ->  Hash Join  (cost=2442.17..1015395.61 rows=804093 width=34) (actual time=13.747..27847.586 rows=1489481 loops=1)
                                       Hash Cond: (l1.l_suppkey = supplier.s_suppkey)
                                       Buffers: shared hit=729441 read=558544 dirtied=601 written=4923
                                       ->  Index Scan using lineitem_l_orderkey_idx_part1 on lineitem l1  (cost=0.56..929529.34 rows=20102330 width=8) (actual time=0.084..19801.617 rows=37929015 loops=1)
                                             Buffers: shared hit=727583 read=558533 dirtied=601 written=4922
                                       ->  Hash  (cost=2391.61..2391.61 rows=4000 width=30) (actual time=13.573..13.573 rows=3924 loops=1)
                                             Buckets: 4096  Batches: 1  Memory Usage: 278kB
                                             Buffers: shared hit=1855 read=11 written=1
                                             ->  Nested Loop  (cost=79.29..2391.61 rows=4000 width=30) (actual time=1.227..12.442 rows=3924 loops=1)
                                                   Buffers: shared hit=1855 read=11 written=1
                                                   ->  Seq Scan on nation  (cost=0.00..1.31 rows=1 width=4) (actual time=0.010..0.015 rows=1 loops=1)
                                                         Filter: (n_name = 'MOZAMBIQUE'::bpchar)
                                                         Rows Removed by Filter: 24
                                                         Buffers: shared hit=1
                                                   ->  Bitmap Heap Scan on supplier  (cost=79.29..2350.29 rows=4000 width=34) (actual time=1.211..11.652 rows=3924 loops=1)
                                                         Recheck Cond: (s_nationkey = nation.n_nationkey)
                                                         Heap Blocks: exact=1853
                                                         Buffers: shared hit=1854 read=11 written=1
                                                         ->  Bitmap Index Scan on supplier_s_nationkey_s_suppkey_idx  (cost=0.00..78.29 rows=4000 width=0) (actual time=0.912..0.912 rows=3924 loops=1)
                                                               Index Cond: (s_nationkey = nation.n_nationkey)
                                                               Buffers: shared hit=1 read=11 written=1
                                 ->  Index Scan using orders_o_orderkey_o_orderdate_idx on orders  (cost=0.43..0.52 rows=1 width=4) (actual time=0.005..0.005 rows=0 loops=1489481)
                                       Index Cond: (o_orderkey = l1.l_orderkey)
                                       Filter: (o_orderstatus = 'F'::bpchar)
                                       Rows Removed by Filter: 1
                                       Buffers: shared hit=5921865 read=44286 written=242
                           ->  Index Scan using lineitem_l_orderkey_idx on lineitem l2  (cost=0.56..1.15 rows=15 width=8) (actual time=0.007..0.007 rows=1 loops=718846)
                                 Index Cond: (l_orderkey = l1.l_orderkey)
                                 Filter: (l_suppkey <> l1.l_suppkey)
                                 Rows Removed by Filter: 0
                                 Buffers: shared hit=3436548 read=163689 written=1363
                     ->  Index Scan using lineitem_l_orderkey_idx_part1 on lineitem l3  (cost=0.56..0.91 rows=5 width=8) (actual time=0.003..0.003 rows=1 loops=692703)
                           Index Cond: (l_orderkey = l1.l_orderkey)
                           Filter: (l_suppkey <> l1.l_suppkey)
                           Rows Removed by Filter: 0
                           Buffers: shared hit=3469602 read=2038 written=10
 Planning time: 10.363 ms
 Execution time: 44644.266 ms
(54 rows)

COMMIT;
COMMIT
