BEGIN;
BEGIN
EXPLAIN (ANALYZE, BUFFERS)
select
	s_name,
	count(*) as numwait
from
	supplier,
	lineitem l1,
	orders,
	nation
where
	s_suppkey = l1.l_suppkey
	and o_orderkey = l1.l_orderkey
	and o_orderstatus = 'F'
	and l1.l_receiptdate > l1.l_commitdate
	and exists (
		select
			*
		from
			lineitem l2
		where
			l2.l_orderkey = l1.l_orderkey
			and l2.l_suppkey <> l1.l_suppkey
	)
	and not exists (
		select
			*
		from
			lineitem l3
		where
			l3.l_orderkey = l1.l_orderkey
			and l3.l_suppkey <> l1.l_suppkey
			and l3.l_receiptdate > l3.l_commitdate
	)
	and s_nationkey = n_nationkey
	and n_name = 'JAPAN'
group by
	s_name
order by
	numwait desc,
	s_name
LIMIT 100;
                                                                                                 QUERY PLAN                                                                                                 
------------------------------------------------------------------------------------------------------------------------------------------------------------------------------------------------------------
 Limit  (cost=1977088.57..1977088.57 rows=1 width=26) (actual time=45435.786..45435.808 rows=100 loops=1)
   Buffers: shared hit=13836345 read=797911 written=6191
   ->  Sort  (cost=1977088.57..1977088.57 rows=1 width=26) (actual time=45435.783..45435.803 rows=100 loops=1)
         Sort Key: (count(*)), supplier.s_name
         Sort Method: top-N heapsort  Memory: 32kB
         Buffers: shared hit=13836345 read=797911 written=6191
         ->  HashAggregate  (cost=1977088.55..1977088.56 rows=1 width=26) (actual time=45433.062..45434.645 rows=4009 loops=1)
               Group Key: supplier.s_name
               Buffers: shared hit=13836337 read=797911 written=6191
               ->  Nested Loop Anti Join  (cost=2443.74..1977088.54 rows=1 width=26) (actual time=16.697..45345.970 rows=40096 loops=1)
                     Buffers: shared hit=13836337 read=797911 written=6191
                     ->  Nested Loop Semi Join  (cost=2443.17..1977087.23 rows=1 width=34) (actual time=15.122..42338.373 rows=709224 loops=1)
                           Join Filter: (orders.o_orderkey = l2.l_orderkey)
                           Buffers: shared hit=10283859 read=795979 written=6179
                           ->  Nested Loop  (cost=2442.61..1449674.46 rows=394655 width=38) (actual time=15.102..37121.675 rows=736200 loops=1)
                                 Buffers: shared hit=6704132 read=688475 written=5642
                                 ->  Hash Join  (cost=2442.17..1023100.49 rows=810208 width=34) (actual time=15.077..28726.621 rows=1523272 loops=1)
                                       Hash Cond: (l1.l_suppkey = supplier.s_suppkey)
                                       Buffers: shared hit=675108 read=616163 written=4808
                                       ->  Index Scan using lineitem_l_orderkey_idx_part1 on lineitem l1  (cost=0.56..936599.76 rows=20255211 width=8) (actual time=0.097..19301.186 rows=37966199 loops=1)
                                             Buffers: shared hit=673267 read=616150 written=4808
                                       ->  Hash  (cost=2391.61..2391.61 rows=4000 width=30) (actual time=14.917..14.917 rows=4009 loops=1)
                                             Buckets: 4096  Batches: 1  Memory Usage: 283kB
                                             Buffers: shared hit=1838 read=13
                                             ->  Nested Loop  (cost=79.29..2391.61 rows=4000 width=30) (actual time=1.251..13.781 rows=4009 loops=1)
                                                   Buffers: shared hit=1838 read=13
                                                   ->  Seq Scan on nation  (cost=0.00..1.31 rows=1 width=4) (actual time=0.011..0.018 rows=1 loops=1)
                                                         Filter: (n_name = 'JAPAN'::bpchar)
                                                         Rows Removed by Filter: 24
                                                         Buffers: shared hit=1
                                                   ->  Bitmap Heap Scan on supplier  (cost=79.29..2350.29 rows=4000 width=34) (actual time=1.234..12.947 rows=4009 loops=1)
                                                         Recheck Cond: (s_nationkey = nation.n_nationkey)
                                                         Heap Blocks: exact=1837
                                                         Buffers: shared hit=1837 read=13
                                                         ->  Bitmap Index Scan on supplier_s_nationkey_s_suppkey_idx  (cost=0.00..78.29 rows=4000 width=0) (actual time=0.935..0.935 rows=4009 loops=1)
                                                               Index Cond: (s_nationkey = nation.n_nationkey)
                                                               Buffers: shared read=13
                                 ->  Index Scan using orders_o_orderkey_o_orderdate_idx on orders  (cost=0.43..0.52 rows=1 width=4) (actual time=0.005..0.005 rows=0 loops=1523272)
                                       Index Cond: (o_orderkey = l1.l_orderkey)
                                       Filter: (o_orderstatus = 'F'::bpchar)
                                       Rows Removed by Filter: 1
                                       Buffers: shared hit=6029024 read=72312 written=834
                           ->  Index Scan using lineitem_l_orderkey_idx on lineitem l2  (cost=0.56..1.15 rows=15 width=8) (actual time=0.006..0.006 rows=1 loops=736200)
                                 Index Cond: (l_orderkey = l1.l_orderkey)
                                 Filter: (l_suppkey <> l1.l_suppkey)
                                 Rows Removed by Filter: 0
                                 Buffers: shared hit=3579727 read=107504 written=537
                     ->  Index Scan using lineitem_l_orderkey_idx_part1 on lineitem l3  (cost=0.56..0.91 rows=5 width=8) (actual time=0.004..0.004 rows=1 loops=709224)
                           Index Cond: (l_orderkey = l1.l_orderkey)
                           Filter: (l_suppkey <> l1.l_suppkey)
                           Rows Removed by Filter: 0
                           Buffers: shared hit=3552478 read=1932 written=12
 Planning time: 10.288 ms
 Execution time: 45436.191 ms
(54 rows)

COMMIT;
COMMIT
