BEGIN;
BEGIN
EXPLAIN (ANALYZE, BUFFERS)
select
	sum(l_extendedprice) / 7.0 as avg_yearly
from
	lineitem,
	part
where
	p_partkey = l_partkey
	and p_brand = 'Brand#54'
	and p_container = 'JUMBO JAR'
	and l_quantity < (
		select
			0.2 * avg(l_quantity)
		from
			lineitem
		where
			l_partkey = p_partkey
	);
                                                                                               QUERY PLAN                                                                                               
--------------------------------------------------------------------------------------------------------------------------------------------------------------------------------------------------------
 Aggregate  (cost=358905.96..358905.97 rows=1 width=4) (actual time=875.621..875.621 rows=1 loops=1)
   Buffers: shared hit=53741 read=33620 dirtied=58
   ->  Nested Loop  (cost=130.19..358855.32 rows=20256 width=4) (actual time=0.810..874.407 rows=5547 loops=1)
         Buffers: shared hit=53741 read=33620 dirtied=58
         ->  Index Only Scan using part_p_container_p_brand_p_partkey_idx on part  (cost=0.43..7974.32 rows=2020 width=4) (actual time=0.125..38.044 rows=2074 loops=1)
               Index Cond: ((p_container = 'JUMBO JAR'::bpchar) AND (p_brand = 'Brand#54'::bpchar))
               Heap Fetches: 2074
               Buffers: shared hit=89 read=1948
         ->  Index Scan using lineitem_l_partkey_l_quantity_l_shipmode_idx on lineitem  (cost=129.76..173.60 rows=10 width=12) (actual time=0.007..0.008 rows=3 loops=2074)
               Index Cond: ((l_partkey = part.p_partkey) AND (l_quantity < (SubPlan 1)))
               Buffers: shared hit=13874
               SubPlan 1
                 ->  Aggregate  (cost=129.19..129.20 rows=1 width=4) (actual time=0.391..0.391 rows=1 loops=2074)
                       Buffers: shared hit=39778 read=31672 dirtied=58
                       ->  Index Only Scan using lineitem_l_partkey_l_quantity_l_shipmode_idx on lineitem lineitem_1  (cost=0.56..129.11 rows=31 width=4) (actual time=0.039..0.382 rows=30 loops=2074)
                             Index Cond: (l_partkey = part.p_partkey)
                             Heap Fetches: 62846
                             Buffers: shared hit=39778 read=31672 dirtied=58
               SubPlan 1
                 ->  Aggregate  (cost=129.19..129.20 rows=1 width=4) (actual time=0.391..0.391 rows=1 loops=2074)
                       Buffers: shared hit=39778 read=31672 dirtied=58
                       ->  Index Only Scan using lineitem_l_partkey_l_quantity_l_shipmode_idx on lineitem lineitem_1  (cost=0.56..129.11 rows=31 width=4) (actual time=0.039..0.382 rows=30 loops=2074)
                             Index Cond: (l_partkey = part.p_partkey)
                             Heap Fetches: 62846
                             Buffers: shared hit=39778 read=31672 dirtied=58
 Planning time: 3.773 ms
 Execution time: 875.829 ms
(27 rows)

COMMIT;
COMMIT
