BEGIN;
BEGIN
EXPLAIN (ANALYZE, BUFFERS)
select
	s_name,
	count(*) as numwait
from
	supplier,
	lineitem l1,
	orders,
	nation
where
	s_suppkey = l1.l_suppkey
	and o_orderkey = l1.l_orderkey
	and o_orderstatus = 'F'
	and l1.l_receiptdate > l1.l_commitdate
	and exists (
		select
			*
		from
			lineitem l2
		where
			l2.l_orderkey = l1.l_orderkey
			and l2.l_suppkey <> l1.l_suppkey
	)
	and not exists (
		select
			*
		from
			lineitem l3
		where
			l3.l_orderkey = l1.l_orderkey
			and l3.l_suppkey <> l1.l_suppkey
			and l3.l_receiptdate > l3.l_commitdate
	)
	and s_nationkey = n_nationkey
	and n_name = 'ETHIOPIA'
group by
	s_name
order by
	numwait desc,
	s_name
LIMIT 100;
                                                                                                 QUERY PLAN                                                                                                 
------------------------------------------------------------------------------------------------------------------------------------------------------------------------------------------------------------
 Limit  (cost=1965266.24..1965266.25 rows=1 width=26) (actual time=46827.631..46827.649 rows=100 loops=1)
   Buffers: shared hit=14035172 read=342707 written=3999
   ->  Sort  (cost=1965266.24..1965266.25 rows=1 width=26) (actual time=46827.627..46827.635 rows=100 loops=1)
         Sort Key: (count(*)), supplier.s_name
         Sort Method: top-N heapsort  Memory: 32kB
         Buffers: shared hit=14035172 read=342707 written=3999
         ->  HashAggregate  (cost=1965266.22..1965266.23 rows=1 width=26) (actual time=46824.308..46826.390 rows=3945 loops=1)
               Group Key: supplier.s_name
               Buffers: shared hit=14035164 read=342707 written=3999
               ->  Nested Loop Anti Join  (cost=2443.74..1965266.22 rows=1 width=26) (actual time=21.784..46729.267 rows=38961 loops=1)
                     Buffers: shared hit=14035164 read=342707 written=3999
                     ->  Nested Loop Semi Join  (cost=2443.17..1965264.91 rows=1 width=34) (actual time=18.417..43575.150 rows=696672 loops=1)
                           Join Filter: (orders.o_orderkey = l2.l_orderkey)
                           Buffers: shared hit=10544482 read=341861 written=3991
                           ->  Nested Loop  (cost=2442.61..1441046.14 rows=392313 width=38) (actual time=18.393..38573.624 rows=722793 loops=1)
                                 Buffers: shared hit=6963740 read=302509 written=3440
                                 ->  Hash Join  (cost=2442.17..1017042.61 rows=805399 width=34) (actual time=18.365..29503.616 rows=1494847 loops=1)
                                       Hash Cond: (l1.l_suppkey = supplier.s_suppkey)
                                       Buffers: shared hit=985396 read=293371 written=3416
                                       ->  Index Scan using lineitem_l_orderkey_idx_part1 on lineitem l1  (cost=0.56..931040.82 rows=20134986 width=8) (actual time=0.095..18872.594 rows=37927958 loops=1)
                                             Buffers: shared hit=983550 read=293358 written=3416
                                       ->  Hash  (cost=2391.61..2391.61 rows=4000 width=30) (actual time=18.218..18.218 rows=3945 loops=1)
                                             Buckets: 4096  Batches: 1  Memory Usage: 279kB
                                             Buffers: shared hit=1843 read=13
                                             ->  Nested Loop  (cost=79.29..2391.61 rows=4000 width=30) (actual time=1.443..17.102 rows=3945 loops=1)
                                                   Buffers: shared hit=1843 read=13
                                                   ->  Seq Scan on nation  (cost=0.00..1.31 rows=1 width=4) (actual time=0.008..0.015 rows=1 loops=1)
                                                         Filter: (n_name = 'ETHIOPIA'::bpchar)
                                                         Rows Removed by Filter: 24
                                                         Buffers: shared hit=1
                                                   ->  Bitmap Heap Scan on supplier  (cost=79.29..2350.29 rows=4000 width=34) (actual time=1.430..16.248 rows=3945 loops=1)
                                                         Recheck Cond: (s_nationkey = nation.n_nationkey)
                                                         Heap Blocks: exact=1842
                                                         Buffers: shared hit=1842 read=13
                                                         ->  Bitmap Index Scan on supplier_s_nationkey_s_suppkey_idx  (cost=0.00..78.29 rows=4000 width=0) (actual time=1.066..1.066 rows=3945 loops=1)
                                                               Index Cond: (s_nationkey = nation.n_nationkey)
                                                               Buffers: shared read=13
                                 ->  Index Scan using orders_o_orderkey_o_orderdate_idx on orders  (cost=0.43..0.52 rows=1 width=4) (actual time=0.005..0.005 rows=0 loops=1494847)
                                       Index Cond: (o_orderkey = l1.l_orderkey)
                                       Filter: (o_orderstatus = 'F'::bpchar)
                                       Rows Removed by Filter: 1
                                       Buffers: shared hit=5978344 read=9138 written=24
                           ->  Index Scan using lineitem_l_orderkey_idx on lineitem l2  (cost=0.56..1.15 rows=15 width=8) (actual time=0.006..0.006 rows=1 loops=722793)
                                 Index Cond: (l_orderkey = l1.l_orderkey)
                                 Filter: (l_suppkey <> l1.l_suppkey)
                                 Rows Removed by Filter: 0
                                 Buffers: shared hit=3580742 read=39352 written=551
                     ->  Index Scan using lineitem_l_orderkey_idx_part1 on lineitem l3  (cost=0.56..0.91 rows=5 width=8) (actual time=0.004..0.004 rows=1 loops=696672)
                           Index Cond: (l_orderkey = l1.l_orderkey)
                           Filter: (l_suppkey <> l1.l_suppkey)
                           Rows Removed by Filter: 0
                           Buffers: shared hit=3490682 read=846 written=8
 Planning time: 10.720 ms
 Execution time: 46828.106 ms
(54 rows)

COMMIT;
COMMIT
