BEGIN;
BEGIN
EXPLAIN (ANALYZE, BUFFERS)
select
	s_name,
	count(*) as numwait
from
	supplier,
	lineitem l1,
	orders,
	nation
where
	s_suppkey = l1.l_suppkey
	and o_orderkey = l1.l_orderkey
	and o_orderstatus = 'F'
	and l1.l_receiptdate > l1.l_commitdate
	and exists (
		select
			*
		from
			lineitem l2
		where
			l2.l_orderkey = l1.l_orderkey
			and l2.l_suppkey <> l1.l_suppkey
	)
	and not exists (
		select
			*
		from
			lineitem l3
		where
			l3.l_orderkey = l1.l_orderkey
			and l3.l_suppkey <> l1.l_suppkey
			and l3.l_receiptdate > l3.l_commitdate
	)
	and s_nationkey = n_nationkey
	and n_name = 'VIETNAM'
group by
	s_name
order by
	numwait desc,
	s_name
LIMIT 100;
                                                                                                 QUERY PLAN                                                                                                 
------------------------------------------------------------------------------------------------------------------------------------------------------------------------------------------------------------
 Limit  (cost=1973137.40..1973137.41 rows=1 width=26) (actual time=41809.852..41809.870 rows=100 loops=1)
   Buffers: shared hit=14373675 read=173876 written=306
   ->  Sort  (cost=1973137.40..1973137.41 rows=1 width=26) (actual time=41809.850..41809.858 rows=100 loops=1)
         Sort Key: (count(*)), supplier.s_name
         Sort Method: top-N heapsort  Memory: 32kB
         Buffers: shared hit=14373675 read=173876 written=306
         ->  HashAggregate  (cost=1973137.38..1973137.39 rows=1 width=26) (actual time=41806.302..41808.609 rows=3987 loops=1)
               Group Key: supplier.s_name
               Buffers: shared hit=14373667 read=173876 written=306
               ->  Nested Loop Anti Join  (cost=2443.74..1973137.38 rows=1 width=26) (actual time=15.721..41731.567 rows=39308 loops=1)
                     Buffers: shared hit=14373667 read=173876 written=306
                     ->  Nested Loop Semi Join  (cost=2443.17..1973136.07 rows=1 width=34) (actual time=14.663..38926.137 rows=704588 loops=1)
                           Join Filter: (orders.o_orderkey = l2.l_orderkey)
                           Buffers: shared hit=10842825 read=173496 written=303
                           ->  Nested Loop  (cost=2442.61..1446791.03 rows=393872 width=38) (actual time=14.645..34573.533 rows=731109 loops=1)
                                 Buffers: shared hit=7203241 read=151454 written=244
                                 ->  Hash Join  (cost=2442.17..1021076.16 rows=808600 width=34) (actual time=14.623..26010.330 rows=1514433 loops=1)
                                       Hash Cond: (l1.l_suppkey = supplier.s_suppkey)
                                       Buffers: shared hit=1141578 read=147065 written=239
                                       ->  Index Scan using lineitem_l_orderkey_idx_part1 on lineitem l1  (cost=0.56..934742.26 rows=20215011 width=8) (actual time=0.082..16868.186 rows=37965800 loops=1)
                                             Buffers: shared hit=1139729 read=147052 written=239
                                       ->  Hash  (cost=2391.61..2391.61 rows=4000 width=30) (actual time=14.488..14.488 rows=3987 loops=1)
                                             Buckets: 4096  Batches: 1  Memory Usage: 282kB
                                             Buffers: shared hit=1846 read=13
                                             ->  Nested Loop  (cost=79.29..2391.61 rows=4000 width=30) (actual time=1.237..13.394 rows=3987 loops=1)
                                                   Buffers: shared hit=1846 read=13
                                                   ->  Seq Scan on nation  (cost=0.00..1.31 rows=1 width=4) (actual time=0.012..0.017 rows=1 loops=1)
                                                         Filter: (n_name = 'VIETNAM'::bpchar)
                                                         Rows Removed by Filter: 24
                                                         Buffers: shared hit=1
                                                   ->  Bitmap Heap Scan on supplier  (cost=79.29..2350.29 rows=4000 width=34) (actual time=1.219..12.554 rows=3987 loops=1)
                                                         Recheck Cond: (s_nationkey = nation.n_nationkey)
                                                         Heap Blocks: exact=1845
                                                         Buffers: shared hit=1845 read=13
                                                         ->  Bitmap Index Scan on supplier_s_nationkey_s_suppkey_idx  (cost=0.00..78.29 rows=4000 width=0) (actual time=0.923..0.923 rows=3987 loops=1)
                                                               Index Cond: (s_nationkey = nation.n_nationkey)
                                                               Buffers: shared read=13
                                 ->  Index Scan using orders_o_orderkey_o_orderdate_idx on orders  (cost=0.43..0.52 rows=1 width=4) (actual time=0.005..0.005 rows=0 loops=1514433)
                                       Index Cond: (o_orderkey = l1.l_orderkey)
                                       Filter: (o_orderstatus = 'F'::bpchar)
                                       Rows Removed by Filter: 1
                                       Buffers: shared hit=6061663 read=4389 written=5
                           ->  Index Scan using lineitem_l_orderkey_idx on lineitem l2  (cost=0.56..1.15 rows=15 width=8) (actual time=0.005..0.005 rows=1 loops=731109)
                                 Index Cond: (l_orderkey = l1.l_orderkey)
                                 Filter: (l_suppkey <> l1.l_suppkey)
                                 Rows Removed by Filter: 0
                                 Buffers: shared hit=3639584 read=22042 written=59
                     ->  Index Scan using lineitem_l_orderkey_idx_part1 on lineitem l3  (cost=0.56..0.91 rows=5 width=8) (actual time=0.003..0.003 rows=1 loops=704588)
                           Index Cond: (l_orderkey = l1.l_orderkey)
                           Filter: (l_suppkey <> l1.l_suppkey)
                           Rows Removed by Filter: 0
                           Buffers: shared hit=3530842 read=380 written=3
 Planning time: 10.315 ms
 Execution time: 41810.289 ms
(54 rows)

COMMIT;
COMMIT
