BEGIN;
BEGIN
EXPLAIN (ANALYZE, BUFFERS)
select
	s_name,
	count(*) as numwait
from
	supplier,
	lineitem l1,
	orders,
	nation
where
	s_suppkey = l1.l_suppkey
	and o_orderkey = l1.l_orderkey
	and o_orderstatus = 'F'
	and l1.l_receiptdate > l1.l_commitdate
	and exists (
		select
			*
		from
			lineitem l2
		where
			l2.l_orderkey = l1.l_orderkey
			and l2.l_suppkey <> l1.l_suppkey
	)
	and not exists (
		select
			*
		from
			lineitem l3
		where
			l3.l_orderkey = l1.l_orderkey
			and l3.l_suppkey <> l1.l_suppkey
			and l3.l_receiptdate > l3.l_commitdate
	)
	and s_nationkey = n_nationkey
	and n_name = 'GERMANY'
group by
	s_name
order by
	numwait desc,
	s_name
LIMIT 100;
                                                                                                 QUERY PLAN                                                                                                 
------------------------------------------------------------------------------------------------------------------------------------------------------------------------------------------------------------
 Limit  (cost=1953487.79..1953487.79 rows=1 width=26) (actual time=44397.285..44397.300 rows=100 loops=1)
   Buffers: shared hit=14478739 read=228416 dirtied=183 written=2224
   ->  Sort  (cost=1953487.79..1953487.79 rows=1 width=26) (actual time=44397.282..44397.289 rows=100 loops=1)
         Sort Key: (count(*)), supplier.s_name
         Sort Method: top-N heapsort  Memory: 32kB
         Buffers: shared hit=14478739 read=228416 dirtied=183 written=2224
         ->  HashAggregate  (cost=1953487.77..1953487.78 rows=1 width=26) (actual time=44393.936..44396.012 rows=4049 loops=1)
               Group Key: supplier.s_name
               Buffers: shared hit=14478731 read=228416 dirtied=183 written=2224
               ->  Nested Loop Anti Join  (cost=2443.74..1953487.76 rows=1 width=26) (actual time=18.958..44308.526 rows=40107 loops=1)
                     Buffers: shared hit=14478731 read=228416 dirtied=183 written=2224
                     ->  Nested Loop Semi Join  (cost=2443.17..1953486.46 rows=1 width=34) (actual time=18.305..40905.623 rows=714640 loops=1)
                           Join Filter: (orders.o_orderkey = l2.l_orderkey)
                           Buffers: shared hit=10897438 read=228103 dirtied=183 written=2224
                           ->  Nested Loop  (cost=2442.61..1432449.20 rows=389979 width=38) (actual time=18.275..35380.481 rows=741615 loops=1)
                                 Buffers: shared hit=7240658 read=170636 dirtied=183 written=1588
                                 ->  Hash Join  (cost=2442.17..1011006.90 rows=800609 width=34) (actual time=18.215..26051.666 rows=1534314 loops=1)
                                       Hash Cond: (l1.l_suppkey = supplier.s_suppkey)
                                       Buffers: shared hit=1134444 read=131114 dirtied=182 written=1054
                                       ->  Index Scan using lineitem_l_orderkey_idx_part1 on lineitem l1  (cost=0.56..925502.09 rows=20015230 width=8) (actual time=0.044..16740.196 rows=37928797 loops=1)
                                             Buffers: shared hit=1132637 read=131073 dirtied=182 written=1054
                                       ->  Hash  (cost=2391.61..2391.61 rows=4000 width=30) (actual time=18.076..18.076 rows=4049 loops=1)
                                             Buckets: 4096  Batches: 1  Memory Usage: 286kB
                                             Buffers: shared hit=1804 read=41
                                             ->  Nested Loop  (cost=79.29..2391.61 rows=4000 width=30) (actual time=2.353..16.455 rows=4049 loops=1)
                                                   Buffers: shared hit=1804 read=41
                                                   ->  Seq Scan on nation  (cost=0.00..1.31 rows=1 width=4) (actual time=0.010..0.022 rows=1 loops=1)
                                                         Filter: (n_name = 'GERMANY'::bpchar)
                                                         Rows Removed by Filter: 24
                                                         Buffers: shared hit=1
                                                   ->  Bitmap Heap Scan on supplier  (cost=79.29..2350.29 rows=4000 width=34) (actual time=2.336..15.408 rows=4049 loops=1)
                                                         Recheck Cond: (s_nationkey = nation.n_nationkey)
                                                         Heap Blocks: exact=1831
                                                         Buffers: shared hit=1803 read=41
                                                         ->  Bitmap Index Scan on supplier_s_nationkey_s_suppkey_idx  (cost=0.00..78.29 rows=4000 width=0) (actual time=2.016..2.016 rows=4049 loops=1)
                                                               Index Cond: (s_nationkey = nation.n_nationkey)
                                                               Buffers: shared hit=1 read=12
                                 ->  Index Scan using orders_o_orderkey_o_orderdate_idx on orders  (cost=0.43..0.52 rows=1 width=4) (actual time=0.005..0.005 rows=0 loops=1534314)
                                       Index Cond: (o_orderkey = l1.l_orderkey)
                                       Filter: (o_orderstatus = 'F'::bpchar)
                                       Rows Removed by Filter: 1
                                       Buffers: shared hit=6106214 read=39522 dirtied=1 written=534
                           ->  Index Scan using lineitem_l_orderkey_idx on lineitem l2  (cost=0.56..1.15 rows=15 width=8) (actual time=0.007..0.007 rows=1 loops=741615)
                                 Index Cond: (l_orderkey = l1.l_orderkey)
                                 Filter: (l_suppkey <> l1.l_suppkey)
                                 Rows Removed by Filter: 0
                                 Buffers: shared hit=3656780 read=57467 written=636
                     ->  Index Scan using lineitem_l_orderkey_idx_part1 on lineitem l3  (cost=0.56..0.91 rows=5 width=8) (actual time=0.004..0.004 rows=1 loops=714640)
                           Index Cond: (l_orderkey = l1.l_orderkey)
                           Filter: (l_suppkey <> l1.l_suppkey)
                           Rows Removed by Filter: 0
                           Buffers: shared hit=3581293 read=313
 Planning time: 11.120 ms
 Execution time: 44397.653 ms
(54 rows)

COMMIT;
COMMIT
