BEGIN;
BEGIN
EXPLAIN (ANALYZE, BUFFERS)
select
	sum(l_extendedprice) / 7.0 as avg_yearly
from
	lineitem,
	part
where
	p_partkey = l_partkey
	and p_brand = 'Brand#43'
	and p_container = 'MED CASE'
	and l_quantity < (
		select
			0.2 * avg(l_quantity)
		from
			lineitem
		where
			l_partkey = p_partkey
	);
                                                                                               QUERY PLAN                                                                                               
--------------------------------------------------------------------------------------------------------------------------------------------------------------------------------------------------------
 Aggregate  (cost=362274.44..362274.45 rows=1 width=4) (actual time=880.254..880.254 rows=1 loops=1)
   Buffers: shared hit=56406 read=29148 dirtied=53
   ->  Nested Loop  (cost=130.19..362223.38 rows=20426 width=4) (actual time=0.914..879.109 rows=5518 loops=1)
         Buffers: shared hit=56406 read=29148 dirtied=53
         ->  Index Only Scan using part_p_container_p_brand_p_partkey_idx on part  (cost=0.43..8046.68 rows=2039 width=4) (actual time=0.156..41.358 rows=2046 loops=1)
               Index Cond: ((p_container = 'MED CASE'::bpchar) AND (p_brand = 'Brand#43'::bpchar))
               Heap Fetches: 2046
               Buffers: shared read=2000
         ->  Index Scan using lineitem_l_partkey_l_quantity_l_shipmode_idx on lineitem  (cost=129.76..173.60 rows=10 width=12) (actual time=0.007..0.009 rows=3 loops=2046)
               Index Cond: ((l_partkey = part.p_partkey) AND (l_quantity < (SubPlan 1)))
               Buffers: shared hit=13734
               SubPlan 1
                 ->  Aggregate  (cost=129.19..129.20 rows=1 width=4) (actual time=0.396..0.396 rows=1 loops=2046)
                       Buffers: shared hit=42672 read=27148 dirtied=53
                       ->  Index Only Scan using lineitem_l_partkey_l_quantity_l_shipmode_idx on lineitem lineitem_1  (cost=0.56..129.11 rows=31 width=4) (actual time=0.045..0.385 rows=30 loops=2046)
                             Index Cond: (l_partkey = part.p_partkey)
                             Heap Fetches: 61325
                             Buffers: shared hit=42672 read=27148 dirtied=53
               SubPlan 1
                 ->  Aggregate  (cost=129.19..129.20 rows=1 width=4) (actual time=0.396..0.396 rows=1 loops=2046)
                       Buffers: shared hit=42672 read=27148 dirtied=53
                       ->  Index Only Scan using lineitem_l_partkey_l_quantity_l_shipmode_idx on lineitem lineitem_1  (cost=0.56..129.11 rows=31 width=4) (actual time=0.045..0.385 rows=30 loops=2046)
                             Index Cond: (l_partkey = part.p_partkey)
                             Heap Fetches: 61325
                             Buffers: shared hit=42672 read=27148 dirtied=53
 Planning time: 3.032 ms
 Execution time: 880.454 ms
(27 rows)

COMMIT;
COMMIT
